2024.02.22 05:35:49 INFO  es[][o.e.c.r.a.DiskThresholdMonitor] low disk watermark [85%] exceeded on [d6oFih_RT4iDFkVJ4NSWvA][sonarqube][/home/ubuntu/nodebuild/sonarqube-9.9.4.87374/data/es7/nodes/0] free: 814.4mb[10.5%], replicas will not be assigned to this node
2024.02.22 05:36:18 ERROR es[][o.e.m.f.FsHealthService] health check of [/home/ubuntu/nodebuild/sonarqube-9.9.4.87374/data/es7/nodes/0] failed
java.io.IOException: No space left on device
	at sun.nio.ch.FileDispatcherImpl.write0(Native Method) ~[?:?]
	at sun.nio.ch.FileDispatcherImpl.write(FileDispatcherImpl.java:62) ~[?:?]
	at sun.nio.ch.IOUtil.writeFromNativeBuffer(IOUtil.java:132) ~[?:?]
	at sun.nio.ch.IOUtil.write(IOUtil.java:97) ~[?:?]
	at sun.nio.ch.IOUtil.write(IOUtil.java:67) ~[?:?]
	at sun.nio.ch.FileChannelImpl.write(FileChannelImpl.java:288) ~[?:?]
	at java.nio.channels.Channels.writeFullyImpl(Channels.java:74) ~[?:?]
	at java.nio.channels.Channels.writeFully(Channels.java:96) ~[?:?]
	at java.nio.channels.Channels$1.write(Channels.java:171) ~[?:?]
	at java.io.OutputStream.write(OutputStream.java:127) ~[?:?]
	at org.elasticsearch.monitor.fs.FsHealthService$FsHealthMonitor.monitorFSHealth(FsHealthService.java:170) [elasticsearch-7.17.15.jar:7.17.15]
	at org.elasticsearch.monitor.fs.FsHealthService$FsHealthMonitor.run(FsHealthService.java:144) [elasticsearch-7.17.15.jar:7.17.15]
	at org.elasticsearch.threadpool.Scheduler$ReschedulingRunnable.doRun(Scheduler.java:214) [elasticsearch-7.17.15.jar:7.17.15]
	at org.elasticsearch.common.util.concurrent.ThreadContext$ContextPreservingAbstractRunnable.doRun(ThreadContext.java:777) [elasticsearch-7.17.15.jar:7.17.15]
	at org.elasticsearch.common.util.concurrent.AbstractRunnable.run(AbstractRunnable.java:26) [elasticsearch-7.17.15.jar:7.17.15]
	at java.util.concurrent.ThreadPoolExecutor.runWorker(ThreadPoolExecutor.java:1136) [?:?]
	at java.util.concurrent.ThreadPoolExecutor$Worker.run(ThreadPoolExecutor.java:635) [?:?]
	at java.lang.Thread.run(Thread.java:840) [?:?]
2024.02.22 05:36:19 WARN  es[][o.e.c.r.a.DiskThresholdMonitor] flood stage disk watermark [95%] exceeded on [d6oFih_RT4iDFkVJ4NSWvA][sonarqube][/home/ubuntu/nodebuild/sonarqube-9.9.4.87374/data/es7/nodes/0] free: 0b[0%], all indices on this node will be marked read-only
2024.02.22 05:36:19 INFO  es[][o.e.c.s.ClusterApplierService] master node changed {previous [{sonarqube}{d6oFih_RT4iDFkVJ4NSWvA}{MfUNAChsTBWeGLJfp9BX8w}{127.0.0.1}{127.0.0.1:42963}{cdfhimrsw}], current []}, term: 1, version: 40, reason: becoming candidate: Publication.onCompletion(false)
2024.02.22 05:36:19 WARN  es[][o.e.c.s.MasterService] failing [update-settings [[components/p9VkVTgrTI6V6cHBvcLtig], [projectmeasures/PXZUHr2JStKb7gi51LB8dQ], [metadatas/OBp_lTSFQQ-cfn3VZukfBQ], [rules/eVNdj-DQTOCDx6Js_UVQOA], [issues/fW39tQ8gQNmP98jX-X_oRg], [views/pRUFivfyRxK3bi9QCZCR0A], [users/drvh_nrCTcmOP1y2V0vXaA]]]: failed to commit cluster state version [41]
org.elasticsearch.cluster.coordination.FailedToCommitClusterStateException: publication failed
	at org.elasticsearch.cluster.coordination.Coordinator$CoordinatorPublication$4.onFailure(Coordinator.java:1772) ~[elasticsearch-7.17.15.jar:7.17.15]
	at org.elasticsearch.common.util.concurrent.ListenableFuture.notifyListenerDirectly(ListenableFuture.java:115) ~[elasticsearch-7.17.15.jar:7.17.15]
	at org.elasticsearch.common.util.concurrent.ListenableFuture.addListener(ListenableFuture.java:55) ~[elasticsearch-7.17.15.jar:7.17.15]
	at org.elasticsearch.cluster.coordination.Coordinator$CoordinatorPublication.onCompletion(Coordinator.java:1679) ~[elasticsearch-7.17.15.jar:7.17.15]
	at org.elasticsearch.cluster.coordination.Publication.onPossibleCompletion(Publication.java:114) ~[elasticsearch-7.17.15.jar:7.17.15]
	at org.elasticsearch.cluster.coordination.Publication.onPossibleCommitFailure(Publication.java:165) ~[elasticsearch-7.17.15.jar:7.17.15]
	at org.elasticsearch.cluster.coordination.Publication.access$500(Publication.java:31) ~[elasticsearch-7.17.15.jar:7.17.15]
	at org.elasticsearch.cluster.coordination.Publication$PublicationTarget$Publi2024.02.22 05:40:49 WARN  es[][o.e.c.c.ClusterFormationFailureHelper] this node is unhealthy: health check failed on [/home/ubuntu/nodebuild/sonarqube-9.9.4.87374/data/es7/nodes/0]
2024.02.22 05:40:59 WARN  es[][r.suppressed] path: /_cluster/health, params: {master_timeout=30s, level=cluster, timeout=30s}
org.elasticsearch.discovery.MasterNotDiscoveredException: null
	at org.elasticsearch.action.support.master.TransportMasterNodeAction$AsyncSingleAction$2.onTimeout(TransportMasterNodeAction.java:297) [elasticsearch-7.17.15.jar:7.17.15]
	at org.elasticsearch.cluster.ClusterStateObserver$ContextPreservingListener.onTimeout(ClusterStateObserver.java:345) [elasticsearch-7.17.15.jar:7.17.15]
	at org.elasticsearch.cluster.ClusterStateObserver$ObserverClusterStateListener.onTimeout(ClusterStateObserver.java:263) [elasticsearch-7.17.15.jar:7.17.15]
	at org.elasticsearch.cluster.service.ClusterApplierService$NotifyTimeout.run(ClusterApplierService.java:660) [elasticsearch-7.17.15.jar:7.17.15]
	at org.elasticsearch.common.util.concurrent.ThreadContext$ContextPreservingRunnable.run(ThreadContext.java:718) [elasticsearch-7.17.15.jar:7.17.15]
	at java.util.concurrent.ThreadPoolExecutor.runWorker(ThreadPoolExecutor.java:1136) [?:?]
	at java.util.concurrent.ThreadPoolExecutor$Worker.run(ThreadPoolExecutor.java:635) [?:?]
	at java.lang.Thread.run(Thread.java:840) [?:?]
2024.02.22 05:40:59 WARN  es[][o.e.c.c.ClusterFormationFailureHelper] this node is unhealthy: health check failed on [/home/ubuntu/nodebuild/sonarqube-9.9.4.87374/data/es7/nodes/0]
2024.02.22 05:41:09 WARN  es[][o.e.c.c.ClusterFormationFailureHelper] this node is unhealthy: health check failed on [/home/ubuntu/nodebuild/sonarqube-9.9.4.87374/data/es7/nodes/0]
2024.02.22 05:41:19 WARN  es[][o.e.c.c.ClusterFormationFailureHelper] this node is unhealthy: health check failed on [/home/ubuntu/nodebuild/sonarqube-9.9.4.87374/data/es7/nodes/0]
2024.02.22 05:41:29 WARN  es[][o.e.c.c.ClusterFormationFailureHelper] this node is unhealthy: health check failed on [/home/ubuntu/nodebuild/sonarqube-9.9.4.87374/data/es7/nodes/0]
2024.02.22 05:41:39 WARN  es[][r.suppressed] path: /_cluster/health, params: {master_timeout=30s, level=cluster, timeout=30s}
org.elasticsearch.discovery.MasterNotDiscoveredException: null
	at org.elasticsearch.action.support.master.TransportMasterNodeAction$AsyncSingleAction$2.onTimeout(TransportMasterNodeAction.java:297) [elasticsearch-7.17.15.jar:7.17.15]
	at org.elasticsearch.cluster.ClusterStateObserver$ContextPreservingListener.onTimeout(ClusterStateObserver.java:345) [elasticsearch-7.17.15.jar:7.17.15]
	at org.elasticsearch.cluster.ClusterStateObserver$ObserverClusterStateListener.onTimeout(ClusterStateObserver.java:263) [elasticsearch-7.17.15.jar:7.17.15]
	at org.elasticsearch.cluster.service.ClusterApplierService$NotifyTimeout.run(ClusterApplierService.java:660) [elasticsearch-7.17.15.jar:7.17.15]
	at org.elasticsearch.common.util.concurrent.ThreadContext$ContextPreservingRunnable.run(ThreadContext.java:718) [elasticsearch-7.17.15.jar:7.17.15]
	at java.util.concurrent.ThreadPoolExecutor.runWorker(ThreadPoolExecutor.java:1136) [?:?]
	at java.util.concurrent.ThreadPoolExecutor$Worker.run(ThreadPoolExecutor.java:635) [?:?]
	at java.lang.Thread.run(Thread.java:840) [?:?]
2024.02.22 05:41:39 WARN  es[][o.e.c.c.ClusterFormationFailureHelper] this node is unhealthy: health check failed on [/home/ubuntu/nodebuild/sonarqube-9.9.4.87374/data/es7/nodes/0]
2024.02.22 05:41:49 WARN  es[][o.e.c.c.ClusterFormationFailureHelper] this node is unhealthy: health check failed on [/home/ubuntu/nodebuild/sonarqube-9.9.4.87374/data/es7/nodes/0]
2024.02.22 05:41:59 WARN  es[][o.e.c.c.ClusterFormationFailureHelper] this node is unhealthy: health check failed on [/home/ubuntu/nodebuild/sonarqube-9.9.4.87374/data/es7/nodes/0]
2024.02.22 05:42:09 WARN  es[][o.e.c.c.ClusterFormationFailureHelper] this node is unhealthy: health check failed on [/home/ubuntu/nodebuild/sonarqube-9.9.4.87374/data/es7/nodes/0]
2024.02.22 05:42:19 WARN  es[][r.suppressed] path: /_cluster/health, params: {master_timeout=30s, level=cluster, timeout=30s}
org.elasticsearch.discovery.MasterNotDiscoveredException: null
	at org.elasticsearch.action.support.master.TransportMasterNodeAction$AsyncSingleAction$2.onTimeout(TransportMasterNodeAction.java:297) [elasticsearch-7.17.15.jar:7.17.15]
	at org.elasticsearch.cluster.ClusterStateObserver$ContextPreservingListener.onTimeout(ClusterStateObserver.java:345) [elasticsearch-7.17.15.jar:7.17.15]
	at org.elasticsearch.cluster.ClusterStateObserver$ObserverClusterStateListener.onTimeout(ClusterStateObserver.java:263) [elasticsearch-7.17.15.jar:7.17.15]
	at org.elasticsearch.cluster.service.ClusterApplierService$NotifyTimeout.run(ClusterApplierService.java:660) [elasticsearch-7.17.15.jar:7.17.15]
	at org.elasticsearch.common.util.concurrent.ThreadContext$ContextPreservingRunnable.run(ThreadContext.java:718) [elasticsearch-7.17.15.jar:7.17.15]
	at java.util.concurrent.ThreadPoolExecutor.runWorker(ThreadPoolExecutor.java:1136) [?:?]
	at java.util.concurrent.ThreadPoolExecutor$Worker.run(ThreadPoolExecutor.java:635) [?:?]
	at java.lang.Thread.run(Thread.java:840) [?:?]
2024.02.22 05:42:19 WARN  es[][o.e.c.c.ClusterFormationFailureHelper] master not discovered or elected yet, an election requires a node with id [d6oFih_RT4iDFkVJ4NSWvA], have discovered possible quorum [{sonarqube}{d6oFih_RT4iDFkVJ4NSWvA}{MfUNAChsTBWeGLJfp9BX8w}{127.0.0.1}{127.0.0.1:42963}{cdfhimrsw}]; discovery will continue using [] from hosts providers and [{sonarqube}{d6oFih_RT4iDFkVJ4NSWvA}{MfUNAChsTBWeGLJfp9BX8w}{127.0.0.1}{127.0.0.1:42963}{cdfhimrsw}] from last-known cluster state; node term 1, last-accepted version 40 in term 1
2024.02.22 05:42:23 INFO  es[][o.e.c.s.MasterService] elected-as-master ([1] nodes joined)[{sonarqube}{d6oFih_RT4iDFkVJ4NSWvA}{MfUNAChsTBWeGLJfp9BX8w}{127.0.0.1}{127.0.0.1:42963}{cdfhimrsw} elect leader, _BECOME_MASTER_TASK_, _FINISH_ELECTION_], term: 2, version: 41, delta: master node changed {previous [], current [{sonarqube}{d6oFih_RT4iDFkVJ4NSWvA}{MfUNAChsTBWeGLJfp9BX8w}{127.0.0.1}{127.0.0.1:42963}{cdfhimrsw}]}
2024.02.22 05:42:23 INFO  es[][o.e.c.s.ClusterApplierService] master node changed {previous [], current [{sonarqube}{d6oFih_RT4iDFkVJ4NSWvA}{MfUNAChsTBWeGLJfp9BX8w}{127.0.0.1}{127.0.0.1:42963}{cdfhimrsw}]}, term: 2, version: 41, reason: Publication{term=2, version=41}
2024.02.22 05:42:23 INFO  es[][o.e.c.r.a.DiskThresholdMonitor] low disk watermark [85%] no longer exceeded on [d6oFih_RT4iDFkVJ4NSWvA][sonarqube][/home/ubuntu/nodebuild/sonarqube-9.9.4.87374/data/es7/nodes/0] free: 1.6gb[21.9%]
